<?xml version="1.0" encoding="UTF-8"?>
<!-- Generated by org.testng.reporters.JUnitReportReporter -->
<testsuite hostname="LAPTOP-ECIVHE0M" failures="0" tests="4" name="POM.MiniProject02.EditContactTest" time="43.125" errors="0" timestamp="2025-01-19T18:14:14 IST" skipped="0">
  <testcase classname="POM.MiniProject02.EditContactTest" name="testFieldChangesAreIndependent" time="16.454"/>
  <system-out/>
  <testcase classname="POM.MiniProject02.EditContactTest" name="testSaveEmptyFields" time="7.742"/>
  <system-out/>
  <testcase classname="POM.MiniProject02.EditContactTest" name="testRedirectToContactDetailsPage" time="6.096"/>
  <system-out/>
  <testcase classname="POM.MiniProject02.EditContactTest" name="testEditContactDetails" time="12.833"/>
  <system-out/>
</testsuite> <!-- POM.MiniProject02.EditContactTest -->
