<?xml version="1.0" encoding="UTF-8"?>
<!-- Generated by org.testng.reporters.JUnitReportReporter -->
<testsuite hostname="LAPTOP-ECIVHE0M" failures="0" tests="2" name="POM.MiniProject02.LogoutTest" time="7.728" errors="0" timestamp="2025-01-17T22:52:15 IST" skipped="0">
  <testcase classname="POM.MiniProject02.LogoutTest" name="testLogoutButtonVisible" time="3.297"/>
  <system-out/>
  <testcase classname="POM.MiniProject02.LogoutTest" name="testLogoutRedirectsToLoginPage" time="4.431"/>
  <system-out/>
</testsuite> <!-- POM.MiniProject02.LogoutTest -->
