<?xml version="1.0" encoding="UTF-8"?>
<!-- Generated by org.testng.reporters.JUnitReportReporter -->
<testsuite hostname="LAPTOP-ECIVHE0M" failures="0" tests="3" name="POM.MiniProject02.SignupTest" time="4.389" errors="0" timestamp="2025-01-17T21:22:31 IST" skipped="0">
  <testcase classname="POM.MiniProject02.SignupTest" name="testSignUpButtonVisibility" time="0.123"/>
  <system-out/>
  <testcase classname="POM.MiniProject02.SignupTest" name="testSignUpButtonClick" time="1.204"/>
  <system-out/>
  <testcase classname="POM.MiniProject02.SignupTest" name="testSignUpFunctionality" time="3.062"/>
  <system-out/>
</testsuite> <!-- POM.MiniProject02.SignupTest -->
