<?xml version="1.0" encoding="UTF-8"?>
<!-- Generated by org.testng.reporters.JUnitReportReporter -->
<testsuite hostname="LAPTOP-ECIVHE0M" failures="0" tests="2" name="POM.MiniProject02.ContactListTest" time="6.308" errors="0" timestamp="2025-01-19T20:23:36 IST" skipped="0">
  <testcase classname="POM.MiniProject02.ContactListTest" name="testAlphabeticalOrderByLastName" time="3.138"/>
  <system-out/>
  <testcase classname="POM.MiniProject02.ContactListTest" name="testContactDetailsDisplay" time="3.170"/>
  <system-out/>
</testsuite> <!-- POM.MiniProject02.ContactListTest -->
