<?xml version="1.0" encoding="UTF-8"?>
<!-- Generated by org.testng.reporters.JUnitReportReporter -->
<testsuite hostname="LAPTOP-ECIVHE0M" failures="0" tests="4" name="POM.MiniProject02.AddContactTest" time="19.026" errors="0" timestamp="2025-01-19T16:00:54 IST" skipped="0">
  <testcase classname="POM.MiniProject02.AddContactTest" name="testAddContactWithAllFields" time="5.973"/>
  <system-out/>
  <testcase classname="POM.MiniProject02.AddContactTest" name="testAddContactWithMissingFields" time="5.305"/>
  <system-out/>
  <testcase classname="POM.MiniProject02.AddContactTest" name="testAddContactWithDuplicateDetails" time="4.899"/>
  <system-out/>
  <testcase classname="POM.MiniProject02.AddContactTest" name="testAddContactWithInvalidDateFormat" time="2.849"/>
  <system-out/>
</testsuite> <!-- POM.MiniProject02.AddContactTest -->
