<?xml version="1.0" encoding="UTF-8"?>
<!-- Generated by org.testng.reporters.JUnitReportReporter -->
<testsuite hostname="LAPTOP-ECIVHE0M" failures="0" tests="2" name="POM.MiniProject02.LoginTest" time="4.865" errors="0" timestamp="2025-01-17T22:28:35 IST" skipped="0">
  <testcase classname="POM.MiniProject02.LoginTest" name="testLoginFunctionalityWithValidCredentials" time="2.816"/>
  <system-out/>
  <testcase classname="POM.MiniProject02.LoginTest" name="testLoginFunctionalityWithInvalidCredentials" time="2.049"/>
  <system-out/>
</testsuite> <!-- POM.MiniProject02.LoginTest -->
