<?xml version="1.0" encoding="UTF-8"?>
<!-- Generated by org.testng.reporters.JUnitReportReporter -->
<testsuite hostname="LAPTOP-ECIVHE0M" failures="0" tests="1" name="POM.MiniProject02.DeleteContactTest" time="12.794" errors="0" timestamp="2025-01-19T19:01:04 IST" skipped="0">
  <testcase classname="POM.MiniProject02.DeleteContactTest" name="testDeleteSingleContact" time="12.794"/>
  <system-out/>
</testsuite> <!-- POM.MiniProject02.DeleteContactTest -->
